<?xml version="1.0" encoding="UTF-8"?>
<!-- Generated by org.testng.reporters.JUnitReportReporter -->
<testsuite hostname="Aaryaman" failures="0" tests="1" name="app.navigation" time="204.142" errors="0" timestamp="2022-02-22T19:29:45 IST" skipped="0">
  <testcase classname="app.navigation" name="startApp" time="204.142"/>
  <system-out/>
</testsuite> <!-- app.navigation -->
