<?xml version="1.0" encoding="UTF-8"?>
<!-- Generated by org.testng.reporters.JUnitReportReporter -->
<testsuite hostname="Aaryaman" failures="0" tests="1" name="lokos.lokosTest" time="42.930" errors="0" timestamp="2022-02-23T11:13:15 IST" skipped="0">
  <testcase classname="lokos.lokosTest" name="startApp" time="42.930"/>
  <system-out/>
</testsuite> <!-- lokos.lokosTest -->
