<?xml version="1.0" encoding="UTF-8"?>
<!-- Generated by org.testng.reporters.JUnitReportReporter -->
<testsuite hostname="Aaryaman" failures="0" tests="1" name="reporting.ExtentManager" time="106.801" errors="0" timestamp="2022-02-21T19:44:38 IST" skipped="0">
  <testcase classname="reporting.ExtentManager" name="startApp" time="106.801"/>
  <system-out/>
</testsuite> <!-- reporting.ExtentManager -->
