<?xml version="1.0" encoding="UTF-8"?>
<!-- Generated by org.testng.reporters.JUnitReportReporter -->
<testsuite hostname="Aaryaman" failures="0" tests="1" name="app.memberProfile" time="945.243" errors="0" timestamp="2022-02-22T13:33:26 IST" skipped="0">
  <testcase classname="app.memberProfile" name="startApp" time="945.243"/>
  <system-out/>
</testsuite> <!-- app.memberProfile -->
