<?xml version="1.0" encoding="UTF-8"?>
<!-- Generated by org.testng.reporters.JUnitReportReporter -->
<testsuite hostname="Aaryaman" failures="0" tests="1" name="app.testing" time="0.006" errors="0" timestamp="2022-02-23T16:08:17 IST" skipped="0">
  <testcase classname="app.testing" name="test" time="0.006"/>
  <system-out/>
</testsuite> <!-- app.testing -->
